<?xml version="1.0" encoding="UTF-8"?>
<!-- Generated by org.testng.reporters.JUnitReportReporter -->
<testsuite hostname="DESKTOP-B2QSJ40" failures="0" tests="18" name="com.in28minutes.datadriventests.LoginDataProviderCompliteExcelTest" time="57.072" errors="0" timestamp="24 Mar 2022 21:59:55 GMT" skipped="0">
  <testcase classname="com.in28minutes.datadriventests.LoginDataProviderCompliteExcelTest" name="testunSuccessfulLoginWith28Minutes" time="2.235"/>
  <testcase classname="com.in28minutes.datadriventests.LoginDataProviderCompliteExcelTest" name="testunSuccessfulLoginWith28Minutes" time="3.082"/>
  <testcase classname="com.in28minutes.datadriventests.LoginDataProviderCompliteExcelTest" name="testunSuccessfulLoginWith28Minutes" time="5.654"/>
  <testcase classname="com.in28minutes.datadriventests.LoginDataProviderCompliteExcelTest" name="testunSuccessfulLoginWith28Minutes" time="2.197"/>
  <testcase classname="com.in28minutes.datadriventests.LoginDataProviderCompliteExcelTest" name="testunSuccessfulLoginWith28Minutes" time="2.408"/>
  <testcase classname="com.in28minutes.datadriventests.LoginDataProviderCompliteExcelTest" name="testunSuccessfulLoginWith28Minutes" time="3.253"/>
  <testcase classname="com.in28minutes.datadriventests.LoginDataProviderCompliteExcelTest" name="testunSuccessfulLoginWith28Minutes" time="2.279"/>
  <testcase classname="com.in28minutes.datadriventests.LoginDataProviderCompliteExcelTest" name="testunSuccessfulLoginWith28Minutes" time="2.328"/>
  <testcase classname="com.in28minutes.datadriventests.LoginDataProviderCompliteExcelTest" name="testunSuccessfulLoginWith28Minutes" time="2.257"/>
  <testcase classname="com.in28minutes.datadriventests.LoginDataProviderCompliteExcelTest" name="testunSuccessfulLoginWith28Minutes" time="2.337"/>
  <testcase classname="com.in28minutes.datadriventests.LoginDataProviderCompliteExcelTest" name="testunSuccessfulLoginWith28Minutes" time="5.548"/>
  <testcase classname="com.in28minutes.datadriventests.LoginDataProviderCompliteExcelTest" name="testunSuccessfulLoginWith28Minutes" time="2.316"/>
  <testcase classname="com.in28minutes.datadriventests.LoginDataProviderCompliteExcelTest" name="testunSuccessfulLoginWith28Minutes" time="6.469"/>
  <testcase classname="com.in28minutes.datadriventests.LoginDataProviderCompliteExcelTest" name="testunSuccessfulLoginWith28Minutes" time="2.311"/>
  <testcase classname="com.in28minutes.datadriventests.LoginDataProviderCompliteExcelTest" name="testunSuccessfulLoginWith28Minutes" time="4.612"/>
  <testcase classname="com.in28minutes.datadriventests.LoginDataProviderCompliteExcelTest" name="testunSuccessfulLoginWith28Minutes" time="2.181"/>
  <testcase classname="com.in28minutes.datadriventests.LoginDataProviderCompliteExcelTest" name="testunSuccessfulLoginWith28Minutes" time="3.268"/>
  <testcase classname="com.in28minutes.datadriventests.LoginDataProviderCompliteExcelTest" name="testunSuccessfulLoginWith28Minutes" time="2.337"/>
</testsuite> <!-- com.in28minutes.datadriventests.LoginDataProviderCompliteExcelTest -->
