<?xml version="1.0" encoding="UTF-8"?>
<!-- Generated by org.testng.reporters.JUnitReportReporter -->
<testsuite hostname="DESKTOP-B2QSJ40" failures="0" tests="4" name="com.in28minutes.datadriventests.LoginDataProviderCompliteCsvTest" time="22.408" errors="0" timestamp="24 Mar 2022 09:58:38 GMT" skipped="0">
  <testcase classname="com.in28minutes.datadriventests.LoginDataProviderCompliteCsvTest" name="testunSuccessfulLoginWith28Minutes" time="4.648"/>
  <testcase classname="com.in28minutes.datadriventests.LoginDataProviderCompliteCsvTest" name="testunSuccessfulLoginWith28Minutes" time="5.702"/>
  <testcase classname="com.in28minutes.datadriventests.LoginDataProviderCompliteCsvTest" name="testunSuccessfulLoginWith28Minutes" time="5.550"/>
  <testcase classname="com.in28minutes.datadriventests.LoginDataProviderCompliteCsvTest" name="testunSuccessfulLoginWith28Minutes" time="6.508"/>
</testsuite> <!-- com.in28minutes.datadriventests.LoginDataProviderCompliteCsvTest -->
