<?xml version="1.0" encoding="UTF-8"?>
<!-- Generated by org.testng.reporters.JUnitReportReporter -->
<testsuite hostname="DESKTOP-B2QSJ40" failures="0" tests="1" name="com.in28minutes.datadriventests.UnSuccessfulLoginBasicTest" time="13.665" errors="0" timestamp="22 Mar 2022 16:08:01 GMT" skipped="0">
  <testcase classname="com.in28minutes.datadriventests.UnSuccessfulLoginBasicTest" name="testLoginWith28Minutes" time="13.665"/>
</testsuite> <!-- com.in28minutes.datadriventests.UnSuccessfulLoginBasicTest -->
