<?xml version="1.0" encoding="UTF-8"?>
<!-- Generated by org.testng.reporters.JUnitReportReporter -->
<testsuite hostname="DESKTOP-B2QSJ40" failures="0" tests="1" name="com.in28minutes.datadriventests.LoginTest" time="13.501" errors="0" timestamp="21 Mar 2022 18:33:03 GMT" skipped="0">
  <testcase classname="com.in28minutes.datadriventests.LoginTest" name="f" time="13.501"/>
</testsuite> <!-- com.in28minutes.datadriventests.LoginTest -->
