<?xml version="1.0" encoding="UTF-8"?>
<!-- Generated by org.testng.reporters.JUnitReportReporter -->
<testsuite hostname="DESKTOP-B2QSJ40" failures="0" tests="1" name="com.in28minutes.datadriventests.SuccessfulLoginBasicTest" time="20.769" errors="0" timestamp="20 Apr 2023 12:40:05 GMT" skipped="0">
  <testcase classname="com.in28minutes.datadriventests.SuccessfulLoginBasicTest" name="testLoginWith28Minutes" time="20.769"/>
</testsuite> <!-- com.in28minutes.datadriventests.SuccessfulLoginBasicTest -->
