<?xml version="1.0" encoding="UTF-8"?>
<!-- Generated by org.testng.reporters.JUnitReportReporter -->
<testsuite hostname="DESKTOP-B2QSJ40" failures="0" tests="3" name="com.in28minutes.datadriventests.UnSuccessfulLoginDataDrivenBasicTest" time="41.165" errors="0" timestamp="22 Mar 2022 13:51:41 GMT" skipped="0">
  <testcase classname="com.in28minutes.datadriventests.UnSuccessfulLoginDataDrivenBasicTest" name="testLoginWith28Minutes" time="14.781"/>
  <testcase classname="com.in28minutes.datadriventests.UnSuccessfulLoginDataDrivenBasicTest" name="testLoginWith28Minutes" time="12.774"/>
  <testcase classname="com.in28minutes.datadriventests.UnSuccessfulLoginDataDrivenBasicTest" name="testLoginWith28Minutes" time="13.610"/>
</testsuite> <!-- com.in28minutes.datadriventests.UnSuccessfulLoginDataDrivenBasicTest -->
