<?xml version="1.0" encoding="UTF-8"?>
<!-- Generated by org.testng.reporters.JUnitReportReporter -->
<testsuite hostname="DESKTOP-B2QSJ40" failures="0" tests="3" name="com.in28minutes.datadriventests.LoginDataProviderCompliteTest" time="14.261" errors="0" timestamp="24 Mar 2022 23:35:24 GMT" skipped="0">
  <testcase classname="com.in28minutes.datadriventests.LoginDataProviderCompliteTest" name="testunSuccessfulLoginWith28Minutes" time="5.167"/>
  <testcase classname="com.in28minutes.datadriventests.LoginDataProviderCompliteTest" name="testunSuccessfulLoginWith28Minutes" time="4.269"/>
  <testcase classname="com.in28minutes.datadriventests.LoginDataProviderCompliteTest" name="testunSuccessfulLoginWith28Minutes" time="4.825"/>
</testsuite> <!-- com.in28minutes.datadriventests.LoginDataProviderCompliteTest -->
