<?xml version="1.0" encoding="UTF-8"?>
<!-- Generated by org.testng.reporters.JUnitReportReporter -->
<testsuite hostname="DESKTOP-B2QSJ40" failures="0" tests="1" name="com.in28minutes.datadriventests.Testss" time="8.929" errors="0" timestamp="05 Apr 2023 23:01:38 GMT" skipped="0">
  <testcase classname="com.in28minutes.datadriventests.Testss" name="signUpDisplay" time="8.929"/>
</testsuite> <!-- com.in28minutes.datadriventests.Testss -->
