<?xml version="1.0" encoding="UTF-8"?>
<!-- Generated by org.testng.reporters.JUnitReportReporter -->
<testsuite hostname="DESKTOP-B2QSJ40" failures="0" tests="1" name="com.in28minutes.datadriventests.Testingss" time="13.410" errors="0" timestamp="21 Apr 2023 08:50:10 GMT" skipped="0">
  <testcase classname="com.in28minutes.datadriventests.Testingss" name="Testings" time="13.410"/>
</testsuite> <!-- com.in28minutes.datadriventests.Testingss -->
